<?xml version="1.0" encoding="UTF-8"?>
<!-- Generated by org.testng.reporters.JUnitReportReporter -->
<testsuite hostname="LAPTOP-3LM0TE9V" name="com.mytrip.qa.tests.SearchPageTest" tests="3" failures="0" timestamp="24 Apr 2019 16:27:45 GMT" time="60.692" errors="0">
  <testcase name="searchMyFlight" time="18.656" classname="com.mytrip.qa.tests.SearchPageTest"/>
  <testcase name="searchMyFlight" time="22.122" classname="com.mytrip.qa.tests.SearchPageTest"/>
  <testcase name="searchMyFlight" time="19.914" classname="com.mytrip.qa.tests.SearchPageTest"/>
</testsuite> <!-- com.mytrip.qa.tests.SearchPageTest -->
