<?xml version="1.0" encoding="UTF-8"?>
<!-- Generated by org.testng.reporters.JUnitReportReporter -->
<testsuite hostname="LAPTOP-3LM0TE9V" name="com.mytrip.qa.tests.SearchPageTest" tests="3" failures="0" timestamp="24 Apr 2019 16:20:43 GMT" time="59.895" errors="0">
  <testcase name="searchMyFlight" time="19.883" classname="com.mytrip.qa.tests.SearchPageTest"/>
  <testcase name="searchMyFlight" time="18.934" classname="com.mytrip.qa.tests.SearchPageTest"/>
  <testcase name="searchMyFlight" time="21.078" classname="com.mytrip.qa.tests.SearchPageTest"/>
</testsuite> <!-- com.mytrip.qa.tests.SearchPageTest -->
