<?xml version="1.0" encoding="UTF-8"?>
<!-- Generated by org.testng.reporters.JUnitReportReporter -->
<testsuite hostname="LAPTOP-3LM0TE9V" name="com.mytrip.qa.tests.SearchPageTest" tests="2" failures="0" timestamp="28 Apr 2019 14:57:19 GMT" time="45.132" errors="0">
  <testcase name="searchMyFlight" time="23.727" classname="com.mytrip.qa.tests.SearchPageTest"/>
  <testcase name="searchMyFlight" time="21.405" classname="com.mytrip.qa.tests.SearchPageTest"/>
</testsuite> <!-- com.mytrip.qa.tests.SearchPageTest -->
