<?xml version="1.0" encoding="UTF-8"?>
<!-- Generated by org.testng.reporters.JUnitReportReporter -->
<testsuite hostname="LAPTOP-3LM0TE9V" name="com.mytrip.qa.tests.SearchPageTest" tests="2" failures="0" timestamp="6 May 2019 02:33:50 GMT" time="55.252" errors="0">
  <testcase name="searchMyFlight" time="20.217" classname="com.mytrip.qa.tests.SearchPageTest"/>
  <testcase name="searchMyFlight" time="35.035" classname="com.mytrip.qa.tests.SearchPageTest"/>
</testsuite> <!-- com.mytrip.qa.tests.SearchPageTest -->
